<?xml version="1.0" encoding="UTF-8"?>
<!-- Generated by org.testng.reporters.JUnitReportReporter -->
<testsuite hostname="LTIN485900" failures="0" tests="10" name="testSuites.TestSuite_1" time="117.937" errors="0" timestamp="2024-03-31T20:18:13 IST" skipped="0">
  <testcase classname="testSuites.TestSuite_1" name="validateUser" time="5.585"/>
  <testcase classname="testSuites.TestSuite_1" name="validateUser" time="4.760"/>
  <testcase classname="testSuites.TestSuite_1" name="validateWelcomeMessage" time="14.563"/>
  <testcase classname="testSuites.TestSuite_1" name="validateWelcomeMessage" time="18.805"/>
  <testcase classname="testSuites.TestSuite_1" name="validateDefaultLanguageAndCountry" time="1.594"/>
  <testcase classname="testSuites.TestSuite_1" name="validateDefaultLanguageAndCountry" time="2.418"/>
  <testcase classname="testSuites.TestSuite_1" name="getLanguages" time="1.230"/>
  <testcase classname="testSuites.TestSuite_1" name="getLanguages" time="0.769"/>
  <testcase classname="testSuites.TestSuite_1" name="checkDetails" time="30.905"/>
  <testcase classname="testSuites.TestSuite_1" name="checkDetails" time="37.308"/>
</testsuite> <!-- testSuites.TestSuite_1 -->
