<?xml version="1.0" encoding="UTF-8"?>
<!-- Generated by org.testng.reporters.JUnitReportReporter -->
<testsuite hostname="LTIN485900" failures="0" tests="5" name="testSuites.TestSuite_1" time="51.504" errors="0" timestamp="2024-04-01T15:01:49 IST" skipped="0">
  <testcase classname="testSuites.TestSuite_1" name="validateUser" time="3.072"/>
  <testcase classname="testSuites.TestSuite_1" name="validateWelcomeMessage" time="18.533"/>
  <testcase classname="testSuites.TestSuite_1" name="validateDefaultLanguageAndCountry" time="0.715"/>
  <testcase classname="testSuites.TestSuite_1" name="getLanguages" time="0.358"/>
  <testcase classname="testSuites.TestSuite_1" name="checkDetails" time="28.826"/>
</testsuite> <!-- testSuites.TestSuite_1 -->
